{
  "timestamp": "2025-12-17 21:35:28.772",
    "level_name": "DEBUG",
    "message": "Debug message for JSON file logger."
}
{
  "timestamp": "2025-12-17 21:35:28.772",
    "level_name": "INFO",
    "message": "Transaction processed successfully.",
    "fields": {
      
      "currency": "IDR",
      "trans_id": "TXN-001",
      "amount": "123.45"
  }
}
{
  "timestamp": "2025-12-17 21:35:28.772",
    "level_name": "ERROR",
    "message": "Failed to save user data to cache. user_id user-bob cache_key user:bob"
}
